<?xml version="1.0" encoding="UTF-8"?>
<testng-results ignored="0" total="0" passed="0" failed="0" skipped="0">
  <reporter-output>
  </reporter-output>
  <suite started-at="2020-11-13T15:09:45 CET" name="tests.TestBase" finished-at="2020-11-13T15:09:45 CET" duration-ms="4">
    <groups>
    </groups>
    <test started-at="2020-11-13T15:09:45 CET" name="Command line test" finished-at="2020-11-13T15:09:45 CET" duration-ms="4">
    </test> <!-- Command line test -->
  </suite> <!-- tests.TestBase -->
</testng-results>
